********************************************************************************
product = Open Liberty 22.0.0.1 (wlp-1.0.60.cl220120220103-1900)
wlp.install.dir = C:/Users/hazi_/Downloads/demo2/service-b/target/liberty/wlp/
java.home = C:\Program Files\Java\jdk-17.0.1
java.version = 17.0.1
java.runtime = Java(TM) SE Runtime Environment (17.0.1+12-LTS-39)
os = Windows 10 (10.0; amd64) (en_US)
process = 14088@DESKTOP-EQQIBCR
********************************************************************************
[1/26/22, 19:25:54:781 EET] 00000001 com.ibm.ws.kernel.launch.internal.FrameworkManager           A CWWKE0001I: The server demo2 has been launched.
[1/26/22, 19:25:56:106 EET] 00000001 com.ibm.ws.kernel.launch.internal.FrameworkManager           I CWWKE0002I: The kernel started after 1.565 seconds
[1/26/22, 19:25:56:233 EET] 00000026 com.ibm.ws.kernel.feature.internal.FeatureManager            I CWWKF0007I: Feature update started.
[1/26/22, 19:25:58:284 EET] 0000001b .apache.cxf.cxf.core.3.2:1.0.60.cl220120220103-1900(id=103)] I Aries Blueprint packages not available. So namespaces will not be registered
[1/26/22, 19:25:58:286 EET] 0000001c .apache.cxf.cxf.core.3.2:1.0.60.cl220120220103-1900(id=103)] I Aries Blueprint packages not available. So namespaces will not be registered
[1/26/22, 19:25:58:385 EET] 0000001a com.ibm.ws.security.ready.internal.SecurityReadyServiceImpl  I CWWKS0007I: The security service is starting...
[1/26/22, 19:25:58:622 EET] 0000001c com.ibm.ws.app.manager.internal.monitor.DropinMonitor        A CWWKZ0058I: Monitoring dropins for applications.
[1/26/22, 19:25:59:250 EET] 0000001e rty.security.mp.jwt.v12.config.impl.MpConfigProxyServiceImpl I CWWKS5780I: The MicroProfile JWT version 1.2 mpConfigProxy processed successfully.
[1/26/22, 19:25:59:258 EET] 0000001e .ws.security.mp.jwt.v11.config.impl.MpConfigProxyServiceImpl I CWWKS5775I: The MicroProfile JWT version 1.1 mpConfigProxy processed successfully.
[1/26/22, 19:25:59:285 EET] 0000001c com.ibm.ws.cache.ServerCache                                 I DYNA1001I: WebSphere Dynamic Cache instance named baseCache initialized successfully.
[1/26/22, 19:25:59:290 EET] 0000001c com.ibm.ws.cache.ServerCache                                 I DYNA1071I: The cache provider default is being used.
[1/26/22, 19:25:59:292 EET] 0000001c com.ibm.ws.cache.CacheServiceImpl                            I DYNA1056I: Dynamic Cache (object cache) initialized successfully.
[1/26/22, 19:25:59:547 EET] 0000002a com.ibm.ws.security.token.ltpa.LTPAKeyInfoManager            I CWWKS4103I: Creating the LTPA keys. This may take a few seconds.
[1/26/22, 19:25:59:589 EET] 0000001a ibm.ws.security.authentication.internal.jaas.JAASServiceImpl I CWWKS1123I: The collective authentication plugin with class name NullCollectiveAuthenticationPlugin has been activated. 
[1/26/22, 19:25:59:863 EET] 0000001a com.ibm.ws.security.jwt.internal.ConsumerImpl                I CWWKS6012I: The JSON Web Token (JWT) consumer service is available.
[1/26/22, 19:25:59:905 EET] 0000001a com.ibm.ws.security.jwt.web.JwtEndpointServices              I CWWKS6002I: The JSON Web Token (JWT) endpoint service is available.
[1/26/22, 19:26:00:013 EET] 0000001a com.ibm.ws.security.jaspi.AuthConfigFactoryWrapper           I CWWKS1655I: The default Java Authentication SPI for Containers (JASPIC) AuthConfigFactory class com.ibm.ws.security.jaspi.ProviderRegistry is being used because the Java security property authconfigprovider.factory is not set. 
[1/26/22, 19:26:00:012 EET] 00000022 com.ibm.ws.ssl.config.WSKeyStore                             I Successfully loaded default keystore: C:/Users/hazi_/Downloads/demo2/service-b/target/liberty/wlp/usr/servers/demo2/resources/security/public.jks of type: JKS
[1/26/22, 19:26:00:144 EET] 00000022 com.ibm.ws.security.mp.jwt.impl.MicroProfileJwtServiceImpl   I CWWKS5500I: The MicroProfile JWT configuration [MicroProfileJwtService] was successfully processed.
[1/26/22, 19:26:00:146 EET] 00000022 com.ibm.ws.security.mp.jwt.impl.MicroProfileJwtConfigImpl    I CWWKS5500I: The MicroProfile JWT configuration [jwtUserConsumer] was successfully processed.
[1/26/22, 19:26:00:147 EET] 00000022 com.ibm.ws.security.mp.jwt.impl.MicroProfileJwtConfigImpl    I CWWKS5500I: The MicroProfile JWT configuration [defaultMpJwt] was successfully processed.
[1/26/22, 19:26:00:320 EET] 0000002a com.ibm.ws.security.token.ltpa.LTPAKeyInfoManager            A CWWKS4104A: LTPA keys created in 0.773 seconds. LTPA key file: C:/Users/hazi_/Downloads/demo2/service-b/target/liberty/wlp/usr/servers/demo2/resources/security/ltpa.keys
[1/26/22, 19:26:00:328 EET] 0000002a com.ibm.ws.security.token.ltpa.internal.LTPAKeyCreateTask    I CWWKS4105I: LTPA configuration is ready after 0.786 seconds.
[1/26/22, 19:26:00:391 EET] 0000001a com.ibm.ws.session.WASSessionCore                            I SESN8501I: The session manager did not find a persistent storage location; HttpSession objects will be stored in the local application server's memory.
[1/26/22, 19:26:00:539 EET] 0000001a .microprofile.metrics.internal.monitor.MonitorMetricsHandler I CWPMI2003I: Monitoring metrics can be retrieved through mpMetrics.
[1/26/22, 19:26:01:135 EET] 00000030 com.ibm.ws.app.manager.AppMessageHelper                      I CWWKZ0018I: Starting application demo2.
[1/26/22, 19:26:01:138 EET] 00000030 bm.ws.app.manager.war.internal.WARDeployedAppInfoFactoryImpl I CWWKZ0134I: The demo2 application is using the loose application definition at the C:\Users\hazi_\Downloads\demo2\service-b\target\liberty\wlp\usr\servers\demo2\apps\demo2.war.xml location.
[1/26/22, 19:26:01:505 EET] 0000002c com.ibm.ws.webcontainer.osgi.webapp.WebGroup                 I SRVE0169I: Loading Web Module: OpenAPIUI.
[1/26/22, 19:26:01:509 EET] 0000002c com.ibm.ws.webcontainer                                      I SRVE0250I: Web Module OpenAPIUI has been bound to default_host.
[1/26/22, 19:26:01:512 EET] 0000002c com.ibm.ws.http.internal.VirtualHostImpl                     A CWWKT0016I: Web application available (default_host): http://localhost:9081/openapi/ui/
[1/26/22, 19:26:01:516 EET] 0000002f com.ibm.ws.webcontainer.osgi.webapp.WebGroup                 I SRVE0169I: Loading Web Module: health.
[1/26/22, 19:26:01:517 EET] 0000002f com.ibm.ws.webcontainer                                      I SRVE0250I: Web Module health has been bound to default_host.
[1/26/22, 19:26:01:517 EET] 0000002f com.ibm.ws.http.internal.VirtualHostImpl                     A CWWKT0016I: Web application available (default_host): http://localhost:9081/health/
[1/26/22, 19:26:01:523 EET] 00000028 com.ibm.ws.webcontainer.osgi.webapp.WebGroup                 I SRVE0169I: Loading Web Module: com.ibm.ws.security.jwt.
[1/26/22, 19:26:01:524 EET] 00000028 com.ibm.ws.webcontainer                                      I SRVE0250I: Web Module com.ibm.ws.security.jwt has been bound to default_host.
[1/26/22, 19:26:01:524 EET] 00000028 com.ibm.ws.http.internal.VirtualHostImpl                     A CWWKT0016I: Web application available (default_host): http://localhost:9081/jwt/
[1/26/22, 19:26:01:551 EET] 0000002e com.ibm.ws.webcontainer.osgi.webapp.WebGroup                 I SRVE0169I: Loading Web Module: PublicMicroProfileMetrics.
[1/26/22, 19:26:01:552 EET] 0000002e com.ibm.ws.webcontainer                                      I SRVE0250I: Web Module PublicMicroProfileMetrics has been bound to default_host.
[1/26/22, 19:26:01:553 EET] 0000002e com.ibm.ws.http.internal.VirtualHostImpl                     A CWWKT0016I: Web application available (default_host): http://localhost:9081/metrics/
[1/26/22, 19:26:01:564 EET] 0000002b com.ibm.ws.webcontainer.osgi.webapp.WebGroup                 I SRVE0169I: Loading Web Module: MicroProfileOpenAPI.
[1/26/22, 19:26:01:564 EET] 0000002b com.ibm.ws.webcontainer                                      I SRVE0250I: Web Module MicroProfileOpenAPI has been bound to default_host.
[1/26/22, 19:26:01:565 EET] 0000002b com.ibm.ws.http.internal.VirtualHostImpl                     A CWWKT0016I: Web application available (default_host): http://localhost:9081/openapi/
[1/26/22, 19:26:01:565 EET] 0000002d com.ibm.ws.webcontainer.osgi.webapp.WebGroup                 I SRVE0169I: Loading Web Module: ibm/api.
[1/26/22, 19:26:01:566 EET] 0000002d com.ibm.ws.webcontainer                                      I SRVE0250I: Web Module ibm/api has been bound to default_host.
[1/26/22, 19:26:01:566 EET] 0000002d com.ibm.ws.http.internal.VirtualHostImpl                     A CWWKT0016I: Web application available (default_host): http://localhost:9081/ibm/api/
[1/26/22, 19:26:01:642 EET] 00000028 com.ibm.ws.session.WASSessionCore                            I SESN0176I: A new session context will be created for application key default_host/jwt
[1/26/22, 19:26:01:643 EET] 0000002c com.ibm.ws.session.WASSessionCore                            I SESN0176I: A new session context will be created for application key default_host/ibm/api
[1/26/22, 19:26:01:643 EET] 0000002a com.ibm.ws.session.WASSessionCore                            I SESN0176I: A new session context will be created for application key default_host/metrics
[1/26/22, 19:26:01:642 EET] 00000034 com.ibm.ws.session.WASSessionCore                            I SESN0176I: A new session context will be created for application key default_host/health
[1/26/22, 19:26:01:643 EET] 00000035 com.ibm.ws.session.WASSessionCore                            I SESN0176I: A new session context will be created for application key default_host/openapi/ui
[1/26/22, 19:26:01:643 EET] 00000032 com.ibm.ws.session.WASSessionCore                            I SESN0176I: A new session context will be created for application key default_host/openapi
[1/26/22, 19:26:01:714 EET] 00000028 com.ibm.ws.util                                              I SESN0172I: The session manager is using the Java default SecureRandom implementation for session ID generation.
[1/26/22, 19:26:01:734 EET] 00000032 com.ibm.ws.util                                              I SESN0172I: The session manager is using the Java default SecureRandom implementation for session ID generation.
[1/26/22, 19:26:01:735 EET] 00000035 com.ibm.ws.util                                              I SESN0172I: The session manager is using the Java default SecureRandom implementation for session ID generation.
[1/26/22, 19:26:01:736 EET] 00000034 com.ibm.ws.util                                              I SESN0172I: The session manager is using the Java default SecureRandom implementation for session ID generation.
[1/26/22, 19:26:01:737 EET] 0000002a com.ibm.ws.util                                              I SESN0172I: The session manager is using the Java default SecureRandom implementation for session ID generation.
[1/26/22, 19:26:01:738 EET] 0000002c com.ibm.ws.util                                              I SESN0172I: The session manager is using the Java default SecureRandom implementation for session ID generation.
[1/26/22, 19:26:01:758 EET] 00000035 com.ibm.ws.cache.CacheServiceImpl                            I DYNA1056I: Dynamic Cache (object cache) initialized successfully.
[1/26/22, 19:26:01:977 EET] 00000034 com.ibm.ws.webcontainer.servlet                              I SRVE0242I: [io.openliberty.microprofile.health.3.0.internal] [/health] [HealthCheckReadinessServlet]: Initialization successful.
[1/26/22, 19:26:01:984 EET] 00000032 com.ibm.ws.webcontainer.servlet                              I SRVE0242I: [io.openliberty.microprofile.openapi.2.0.internal] [/openapi] [ApplicationServlet]: Initialization successful.
[1/26/22, 19:26:01:986 EET] 00000034 com.ibm.ws.webcontainer.servlet                              I SRVE0242I: [io.openliberty.microprofile.health.3.0.internal] [/health] [HealthCheckServlet]: Initialization successful.
[1/26/22, 19:26:01:989 EET] 00000034 com.ibm.ws.webcontainer.servlet                              I SRVE0242I: [io.openliberty.microprofile.health.3.0.internal] [/health] [HealthCheckLivenessServlet]: Initialization successful.
[1/26/22, 19:26:01:990 EET] 0000002a com.ibm.ws.webcontainer.servlet                              I SRVE0242I: [io.openliberty.microprofile.metrics.internal.public] [/metrics] [PublicMetricsRESTProxyServlet]: Initialization successful.
[1/26/22, 19:26:02:155 EET] 0000002f com.ibm.ws.webcontainer.osgi.mbeans.PluginGenerator          I SRVE9103I: A configuration file for a web server plugin was automatically generated for this server at C:\Users\hazi_\Downloads\demo2\service-b\target\liberty\wlp\usr\servers\demo2\logs\state\plugin-cfg.xml.
[1/26/22, 19:26:03:851 EET] 00000030 io.openliberty.microprofile.openapi20.ApplicationProcessor   I CWWKO1660I: The application demo2 was processed and an OpenAPI document was produced.
[1/26/22, 19:26:03:889 EET] 00000030 org.jboss.weld.Version                                       I WELD-000900: 3.1.8 (Final)
[1/26/22, 19:26:06:313 EET] 00000030 m.ws.microprofile.rest.client.cdi.LibertyRestClientExtension I CWWKW0750I: The following interfaces are configured as RequestScoped which will result in slower performance:  Consider using ApplicationScoped for better performance.
[1/26/22, 19:26:06:360 EET] 00000030 com.ibm.ws.webcontainer.osgi.webapp.WebGroup                 I SRVE0169I: Loading Web Module: demo2.
[1/26/22, 19:26:06:360 EET] 00000030 com.ibm.ws.webcontainer                                      I SRVE0250I: Web Module demo2 has been bound to default_host.
[1/26/22, 19:26:06:360 EET] 00000030 com.ibm.ws.http.internal.VirtualHostImpl                     A CWWKT0016I: Web application available (default_host): http://localhost:9081/
[1/26/22, 19:26:06:365 EET] 0000002f com.ibm.ws.session.WASSessionCore                            I SESN0176I: A new session context will be created for application key default_host/
[1/26/22, 19:26:06:366 EET] 0000002f com.ibm.ws.util                                              I SESN0172I: The session manager is using the Java default SecureRandom implementation for session ID generation.
[1/26/22, 19:26:06:409 EET] 00000028 com.ibm.ws.webcontainer.osgi.mbeans.PluginGenerator          I SRVE9103I: A configuration file for a web server plugin was automatically generated for this server at C:\Users\hazi_\Downloads\demo2\service-b\target\liberty\wlp\usr\servers\demo2\logs\state\plugin-cfg.xml.
[1/26/22, 19:26:06:426 EET] 0000002f com.ibm.ws.app.manager.AppMessageHelper                      A CWWKZ0001I: Application demo2 started in 5.291 seconds.
[1/26/22, 19:26:06:459 EET] 00000026 com.ibm.ws.tcpchannel.internal.TCPPort                       I CWWKO0219I: TCP Channel defaultHttpEndpoint has been started and is now listening for requests on host kubernetes.docker.internal  (IPv4: 127.0.0.1) port 9081.
[1/26/22, 19:26:06:463 EET] 00000026 com.ibm.ws.tcpchannel.internal.TCPPort                       I CWWKO0219I: TCP Channel defaultHttpEndpoint-ssl has been started and is now listening for requests on host kubernetes.docker.internal  (IPv4: 127.0.0.1) port 9444.
[1/26/22, 19:26:06:514 EET] 00000026 com.ibm.ws.kernel.feature.internal.FeatureManager            A CWWKF0012I: The server installed the following features: [appSecurity-3.0, cdi-2.0, distributedMap-1.0, el-3.0, jaxrs-2.1, jaxrsClient-2.1, jndi-1.0, json-1.0, jsonb-1.0, jsonp-1.1, jwt-1.0, microProfile-4.0, monitor-1.0, mpConfig-2.0, mpFaultTolerance-3.0, mpHealth-3.0, mpJwt-1.2, mpMetrics-3.0, mpOpenAPI-2.0, mpOpenTracing-2.0, mpRestClient-2.0, opentracing-2.0, servlet-4.0, ssl-1.0].
[1/26/22, 19:26:06:514 EET] 00000026 com.ibm.ws.kernel.feature.internal.FeatureManager            I CWWKF0008I: Feature update completed in 10.412 seconds.
[1/26/22, 19:26:06:514 EET] 00000026 com.ibm.ws.kernel.feature.internal.FeatureManager            A CWWKF0011I: The demo2 server is ready to run a smarter planet. The demo2 server started in 11.976 seconds.
[1/26/22, 19:26:09:091 EET] 00000028 com.ibm.ws.http.internal.VirtualHostImpl                     A CWWKT0017I: Web application removed (default_host): http://localhost:9081/
[1/26/22, 19:26:09:120 EET] 00000028 com.ibm.ws.app.manager.AppMessageHelper                      A CWWKZ0009I: The application demo2 has stopped successfully.
[1/26/22, 19:26:09:132 EET] 00000028 com.ibm.ws.app.manager.AppMessageHelper                      I CWWKZ0018I: Starting application demo2.
[1/26/22, 19:26:09:132 EET] 00000028 bm.ws.app.manager.war.internal.WARDeployedAppInfoFactoryImpl I CWWKZ0134I: The demo2 application is using the loose application definition at the C:\Users\hazi_\Downloads\demo2\service-b\target\liberty\wlp\usr\servers\demo2\apps\demo2.war.xml location.
[1/26/22, 19:26:09:151 EET] 0000002e com.ibm.ws.webcontainer.osgi.mbeans.PluginGenerator          I SRVE9103I: A configuration file for a web server plugin was automatically generated for this server at C:\Users\hazi_\Downloads\demo2\service-b\target\liberty\wlp\usr\servers\demo2\logs\state\plugin-cfg.xml.
[1/26/22, 19:26:10:448 EET] 00000028 io.openliberty.microprofile.openapi20.ApplicationProcessor   I CWWKO1660I: The application demo2 was processed and an OpenAPI document was produced.
[1/26/22, 19:26:11:064 EET] 00000028 m.ws.microprofile.rest.client.cdi.LibertyRestClientExtension I CWWKW0750I: The following interfaces are configured as RequestScoped which will result in slower performance:  Consider using ApplicationScoped for better performance.
[1/26/22, 19:26:11:069 EET] 00000028 com.ibm.ws.webcontainer.osgi.webapp.WebGroup                 I SRVE0169I: Loading Web Module: demo2.
[1/26/22, 19:26:11:069 EET] 00000028 com.ibm.ws.webcontainer                                      I SRVE0250I: Web Module demo2 has been bound to default_host.
[1/26/22, 19:26:11:069 EET] 00000028 com.ibm.ws.http.internal.VirtualHostImpl                     A CWWKT0016I: Web application available (default_host): http://localhost:9081/
[1/26/22, 19:26:11:070 EET] 00000035 com.ibm.ws.session.WASSessionCore                            I SESN0176I: A new session context will be created for application key default_host/
[1/26/22, 19:26:11:070 EET] 00000035 com.ibm.ws.util                                              I SESN0172I: The session manager is using the Java default SecureRandom implementation for session ID generation.
[1/26/22, 19:26:11:095 EET] 00000035 com.ibm.ws.app.manager.AppMessageHelper                      A CWWKZ0003I: The application demo2 updated in 1.964 seconds.
[1/26/22, 19:26:11:100 EET] 00000026 com.ibm.ws.webcontainer.osgi.mbeans.PluginGenerator          I SRVE9103I: A configuration file for a web server plugin was automatically generated for this server at C:\Users\hazi_\Downloads\demo2\service-b\target\liberty\wlp\usr\servers\demo2\logs\state\plugin-cfg.xml.
[1/26/22, 19:27:09:505 EET] 00000031 .apache.cxf.cxf.core.3.2:1.0.60.cl220120220103-1900(id=103)] I Setting the server's publish address to be /data/
[1/26/22, 19:27:09:616 EET] 00000031 com.ibm.ws.webcontainer.servlet                              I SRVE0242I: [demo2] [/] [com.example.demo2.Demo2RestApplication]: Initialization successful.
[1/26/22, 19:27:09:682 EET] 00000031 com.ibm.ws.security.mp.jwt.tai.MicroProfileJwtTAI            E CWWKS5522E: The MicroProfile JWT feature cannot perform authentication because a MicroProfile JWT cannot be found in the request.
[1/26/22, 19:27:31:250 EET] 0000002d com.ibm.ws.security.mp.jwt.tai.MicroProfileJwtTAI            E CWWKS5522E: The MicroProfile JWT feature cannot perform authentication because a MicroProfile JWT cannot be found in the request.
[1/26/22, 19:28:08:732 EET] 00000032 y.authorization.builtin.internal.BuiltinAuthorizationService I CWWKS2104I: The authorization decision for resources in application demo2 will be made by using the group names of the user that matches the role names required to access that resource.
[1/26/22, 19:28:09:116 EET] 00000032 io.jaegertracing.Configuration                               I Initialized tracer=JaegerTracer(version=Java-1.5.0, serviceName=demo2, reporter=RemoteReporter(sender=UdpSender(host=localhost, port=6831), closeEnqueueTimeout=1000), sampler=RemoteControlledSampler(maxOperations=2000, manager=HttpSamplingManager(hostPort=localhost:5778), sampler=ProbabilisticSampler(tags={sampler.type=probabilistic, sampler.param=0.001})), tags={hostname=DESKTOP-EQQIBCR, jaeger.version=Java-1.5.0, ip=172.26.224.1}, zipkinSharedRpcSpan=false, expandExceptionLogs=false, useTraceId128Bit=false)
[1/26/22, 19:28:09:117 EET] 00000032 m.ibm.ws.microprofile.opentracing.jaeger.JaegerTracerFactory I CWMOT1001I: A JaegerTracer instance was created for the demo2 application.  Tracing information is sent to localhost:6831.
[1/26/22, 19:28:53:102 EET] 00000039 com.ibm.ws.security.mp.jwt.tai.MicroProfileJwtTAI            E CWWKS5522E: The MicroProfile JWT feature cannot perform authentication because a MicroProfile JWT cannot be found in the request.
[1/26/22, 19:30:38:276 EET] 0000003a com.ibm.ws.http.internal.VirtualHostImpl                     A CWWKT0017I: Web application removed (default_host): http://localhost:9081/
[1/26/22, 19:30:38:280 EET] 0000003a com.ibm.ws.webcontainer.servlet                              I SRVE0253I: [demo2] [/] [com.example.demo2.Demo2RestApplication]: Destroy successful.
[1/26/22, 19:30:38:298 EET] 0000003a com.ibm.ws.app.manager.AppMessageHelper                      A CWWKZ0009I: The application demo2 has stopped successfully.
[1/26/22, 19:30:38:311 EET] 0000003a com.ibm.ws.app.manager.AppMessageHelper                      I CWWKZ0018I: Starting application demo2.
[1/26/22, 19:30:38:312 EET] 0000003a bm.ws.app.manager.war.internal.WARDeployedAppInfoFactoryImpl I CWWKZ0134I: The demo2 application is using the loose application definition at the C:\Users\hazi_\Downloads\demo2\service-b\target\liberty\wlp\usr\servers\demo2\apps\demo2.war.xml location.
[1/26/22, 19:30:38:332 EET] 00000034 com.ibm.ws.webcontainer.osgi.mbeans.PluginGenerator          I SRVE9103I: A configuration file for a web server plugin was automatically generated for this server at C:\Users\hazi_\Downloads\demo2\service-b\target\liberty\wlp\usr\servers\demo2\logs\state\plugin-cfg.xml.
[1/26/22, 19:30:39:520 EET] 0000003a io.openliberty.microprofile.openapi20.ApplicationProcessor   I CWWKO1660I: The application demo2 was processed and an OpenAPI document was produced.
[1/26/22, 19:30:40:011 EET] 0000003a m.ws.microprofile.rest.client.cdi.LibertyRestClientExtension I CWWKW0750I: The following interfaces are configured as RequestScoped which will result in slower performance:  Consider using ApplicationScoped for better performance.
[1/26/22, 19:30:40:015 EET] 0000003a com.ibm.ws.webcontainer.osgi.webapp.WebGroup                 I SRVE0169I: Loading Web Module: demo2.
[1/26/22, 19:30:40:015 EET] 0000003a com.ibm.ws.webcontainer                                      I SRVE0250I: Web Module demo2 has been bound to default_host.
[1/26/22, 19:30:40:016 EET] 0000003a com.ibm.ws.http.internal.VirtualHostImpl                     A CWWKT0016I: Web application available (default_host): http://localhost:9081/
[1/26/22, 19:30:40:017 EET] 0000002d com.ibm.ws.session.WASSessionCore                            I SESN0176I: A new session context will be created for application key default_host/
[1/26/22, 19:30:40:017 EET] 0000002d com.ibm.ws.util                                              I SESN0172I: The session manager is using the Java default SecureRandom implementation for session ID generation.
[1/26/22, 19:30:40:043 EET] 00000027 com.ibm.ws.webcontainer.osgi.mbeans.PluginGenerator          I SRVE9103I: A configuration file for a web server plugin was automatically generated for this server at C:\Users\hazi_\Downloads\demo2\service-b\target\liberty\wlp\usr\servers\demo2\logs\state\plugin-cfg.xml.
[1/26/22, 19:30:40:045 EET] 0000002d com.ibm.ws.app.manager.AppMessageHelper                      A CWWKZ0003I: The application demo2 updated in 1.733 seconds.
[1/26/22, 19:31:06:174 EET] 0000002a com.ibm.ws.http.internal.VirtualHostImpl                     A CWWKT0017I: Web application removed (default_host): http://localhost:9081/
[1/26/22, 19:31:06:185 EET] 0000002a com.ibm.ws.app.manager.AppMessageHelper                      A CWWKZ0009I: The application demo2 has stopped successfully.
[1/26/22, 19:31:06:196 EET] 0000002a com.ibm.ws.app.manager.AppMessageHelper                      I CWWKZ0018I: Starting application demo2.
[1/26/22, 19:31:06:196 EET] 0000002a bm.ws.app.manager.war.internal.WARDeployedAppInfoFactoryImpl I CWWKZ0134I: The demo2 application is using the loose application definition at the C:\Users\hazi_\Downloads\demo2\service-b\target\liberty\wlp\usr\servers\demo2\apps\demo2.war.xml location.
[1/26/22, 19:31:06:214 EET] 0000002f com.ibm.ws.webcontainer.osgi.mbeans.PluginGenerator          I SRVE9103I: A configuration file for a web server plugin was automatically generated for this server at C:\Users\hazi_\Downloads\demo2\service-b\target\liberty\wlp\usr\servers\demo2\logs\state\plugin-cfg.xml.
[1/26/22, 19:31:07:461 EET] 0000002a io.openliberty.microprofile.openapi20.ApplicationProcessor   I CWWKO1660I: The application demo2 was processed and an OpenAPI document was produced.
[1/26/22, 19:31:07:993 EET] 0000002a m.ws.microprofile.rest.client.cdi.LibertyRestClientExtension I CWWKW0750I: The following interfaces are configured as RequestScoped which will result in slower performance:  Consider using ApplicationScoped for better performance.
[1/26/22, 19:31:08:004 EET] 0000002a com.ibm.ws.webcontainer.osgi.webapp.WebGroup                 I SRVE0169I: Loading Web Module: demo2.
[1/26/22, 19:31:08:005 EET] 0000002a com.ibm.ws.webcontainer                                      I SRVE0250I: Web Module demo2 has been bound to default_host.
[1/26/22, 19:31:08:005 EET] 0000002a com.ibm.ws.http.internal.VirtualHostImpl                     A CWWKT0016I: Web application available (default_host): http://localhost:9081/
[1/26/22, 19:31:08:006 EET] 00000031 com.ibm.ws.session.WASSessionCore                            I SESN0176I: A new session context will be created for application key default_host/
[1/26/22, 19:31:08:006 EET] 00000031 com.ibm.ws.util                                              I SESN0172I: The session manager is using the Java default SecureRandom implementation for session ID generation.
[1/26/22, 19:31:08:042 EET] 00000031 com.ibm.ws.app.manager.AppMessageHelper                      A CWWKZ0003I: The application demo2 updated in 1.846 seconds.
[1/26/22, 19:31:08:053 EET] 00000027 com.ibm.ws.webcontainer.osgi.mbeans.PluginGenerator          I SRVE9103I: A configuration file for a web server plugin was automatically generated for this server at C:\Users\hazi_\Downloads\demo2\service-b\target\liberty\wlp\usr\servers\demo2\logs\state\plugin-cfg.xml.
[1/26/22, 19:31:33:523 EET] 00000027 .apache.cxf.cxf.core.3.2:1.0.60.cl220120220103-1900(id=103)] I Setting the server's publish address to be /data/
[1/26/22, 19:31:33:531 EET] 00000027 com.ibm.ws.webcontainer.servlet                              I SRVE0242I: [demo2] [/] [com.example.demo2.Demo2RestApplication]: Initialization successful.
[1/26/22, 19:31:33:756 EET] 00000027 io.jaegertracing.Configuration                               I Initialized tracer=JaegerTracer(version=Java-1.5.0, serviceName=demo2, reporter=RemoteReporter(sender=UdpSender(host=localhost, port=6831), closeEnqueueTimeout=1000), sampler=RemoteControlledSampler(maxOperations=2000, manager=HttpSamplingManager(hostPort=localhost:5778), sampler=ProbabilisticSampler(tags={sampler.type=probabilistic, sampler.param=0.001})), tags={hostname=DESKTOP-EQQIBCR, jaeger.version=Java-1.5.0, ip=172.26.224.1}, zipkinSharedRpcSpan=false, expandExceptionLogs=false, useTraceId128Bit=false)
[1/26/22, 19:31:33:756 EET] 00000027 m.ibm.ws.microprofile.opentracing.jaeger.JaegerTracerFactory I CWMOT1001I: A JaegerTracer instance was created for the demo2 application.  Tracing information is sent to localhost:6831.
[1/26/22, 19:31:33:774 EET] 00000027 com.ibm.ws.security.mp.jwt.principal.PrincipalBean           E CWWKS5604E: A JsonWebToken Principal can't be injected because one is not available. Protect the requesting resource so authentication occurs before the resource is accessed.
[1/26/22, 19:31:33:776 EET] 00000027 SystemOut                                                    O Error
[1/26/22, 19:31:49:856 EET] 0000002b SystemOut                                                    O Error
[1/26/22, 19:31:50:851 EET] 00000030 SystemOut                                                    O Error
[1/26/22, 19:32:22:098 EET] 0000002b SystemOut                                                    O Error
[1/26/22, 19:33:06:761 EET] 0000002d com.ibm.ws.config.xml.internal.ConfigRefresher               A CWWKG0016I: Starting server configuration update.
[1/26/22, 19:33:06:775 EET] 0000002d com.ibm.ws.config.xml.internal.ConfigRefresher               A CWWKG0018I: The server configuration was not updated. No functional changes were detected.
[1/26/22, 19:33:07:017 EET] 00000026 com.ibm.ws.http.internal.VirtualHostImpl                     A CWWKT0017I: Web application removed (default_host): http://localhost:9081/
[1/26/22, 19:33:07:018 EET] 00000026 com.ibm.ws.webcontainer.servlet                              I SRVE0253I: [demo2] [/] [com.example.demo2.Demo2RestApplication]: Destroy successful.
[1/26/22, 19:33:07:023 EET] 00000026 com.ibm.ws.app.manager.AppMessageHelper                      A CWWKZ0009I: The application demo2 has stopped successfully.
[1/26/22, 19:33:07:040 EET] 00000026 com.ibm.ws.app.manager.AppMessageHelper                      I CWWKZ0018I: Starting application demo2.
[1/26/22, 19:33:07:041 EET] 00000026 bm.ws.app.manager.war.internal.WARDeployedAppInfoFactoryImpl I CWWKZ0134I: The demo2 application is using the loose application definition at the C:\Users\hazi_\Downloads\demo2\service-b\target\liberty\wlp\usr\servers\demo2\apps\demo2.war.xml location.
[1/26/22, 19:33:07:100 EET] 0000002b com.ibm.ws.webcontainer.osgi.mbeans.PluginGenerator          I SRVE9103I: A configuration file for a web server plugin was automatically generated for this server at C:\Users\hazi_\Downloads\demo2\service-b\target\liberty\wlp\usr\servers\demo2\logs\state\plugin-cfg.xml.
[1/26/22, 19:33:08:504 EET] 00000026 io.openliberty.microprofile.openapi20.ApplicationProcessor   I CWWKO1660I: The application demo2 was processed and an OpenAPI document was produced.
[1/26/22, 19:33:09:252 EET] 00000026 m.ws.microprofile.rest.client.cdi.LibertyRestClientExtension I CWWKW0750I: The following interfaces are configured as RequestScoped which will result in slower performance:  Consider using ApplicationScoped for better performance.
[1/26/22, 19:33:09:258 EET] 00000026 com.ibm.ws.webcontainer.osgi.webapp.WebGroup                 I SRVE0169I: Loading Web Module: demo2.
[1/26/22, 19:33:09:258 EET] 00000026 com.ibm.ws.webcontainer                                      I SRVE0250I: Web Module demo2 has been bound to default_host.
[1/26/22, 19:33:09:258 EET] 00000026 com.ibm.ws.http.internal.VirtualHostImpl                     A CWWKT0016I: Web application available (default_host): http://localhost:9081/
[1/26/22, 19:33:09:259 EET] 00000069 com.ibm.ws.session.WASSessionCore                            I SESN0176I: A new session context will be created for application key default_host/
[1/26/22, 19:33:09:259 EET] 00000069 com.ibm.ws.util                                              I SESN0172I: The session manager is using the Java default SecureRandom implementation for session ID generation.
[1/26/22, 19:33:09:278 EET] 00000035 com.ibm.ws.webcontainer.osgi.mbeans.PluginGenerator          I SRVE9103I: A configuration file for a web server plugin was automatically generated for this server at C:\Users\hazi_\Downloads\demo2\service-b\target\liberty\wlp\usr\servers\demo2\logs\state\plugin-cfg.xml.
[1/26/22, 19:33:09:282 EET] 00000069 com.ibm.ws.app.manager.AppMessageHelper                      A CWWKZ0003I: The application demo2 updated in 2.242 seconds.
[1/26/22, 19:33:09:302 EET] 00000039 com.ibm.ws.http.internal.VirtualHostImpl                     A CWWKT0017I: Web application removed (default_host): http://localhost:9081/
[1/26/22, 19:33:09:309 EET] 00000039 com.ibm.ws.app.manager.AppMessageHelper                      A CWWKZ0009I: The application demo2 has stopped successfully.
[1/26/22, 19:33:09:320 EET] 00000039 com.ibm.ws.app.manager.AppMessageHelper                      I CWWKZ0018I: Starting application demo2.
[1/26/22, 19:33:09:320 EET] 00000039 bm.ws.app.manager.war.internal.WARDeployedAppInfoFactoryImpl I CWWKZ0134I: The demo2 application is using the loose application definition at the C:\Users\hazi_\Downloads\demo2\service-b\target\liberty\wlp\usr\servers\demo2\apps\demo2.war.xml location.
[1/26/22, 19:33:09:328 EET] 0000006c com.ibm.ws.webcontainer.osgi.mbeans.PluginGenerator          I SRVE9103I: A configuration file for a web server plugin was automatically generated for this server at C:\Users\hazi_\Downloads\demo2\service-b\target\liberty\wlp\usr\servers\demo2\logs\state\plugin-cfg.xml.
[1/26/22, 19:33:10:532 EET] 00000039 io.openliberty.microprofile.openapi20.ApplicationProcessor   I CWWKO1660I: The application demo2 was processed and an OpenAPI document was produced.
[1/26/22, 19:33:11:194 EET] 00000039 m.ws.microprofile.rest.client.cdi.LibertyRestClientExtension I CWWKW0750I: The following interfaces are configured as RequestScoped which will result in slower performance:  Consider using ApplicationScoped for better performance.
[1/26/22, 19:33:11:199 EET] 00000039 com.ibm.ws.webcontainer.osgi.webapp.WebGroup                 I SRVE0169I: Loading Web Module: demo2.
[1/26/22, 19:33:11:199 EET] 00000039 com.ibm.ws.webcontainer                                      I SRVE0250I: Web Module demo2 has been bound to default_host.
[1/26/22, 19:33:11:199 EET] 00000039 com.ibm.ws.http.internal.VirtualHostImpl                     A CWWKT0016I: Web application available (default_host): http://localhost:9081/
[1/26/22, 19:33:11:200 EET] 0000006b com.ibm.ws.session.WASSessionCore                            I SESN0176I: A new session context will be created for application key default_host/
[1/26/22, 19:33:11:201 EET] 0000006b com.ibm.ws.util                                              I SESN0172I: The session manager is using the Java default SecureRandom implementation for session ID generation.
[1/26/22, 19:33:11:224 EET] 0000006b com.ibm.ws.app.manager.AppMessageHelper                      A CWWKZ0003I: The application demo2 updated in 1.904 seconds.
[1/26/22, 19:33:11:229 EET] 00000039 com.ibm.ws.webcontainer.osgi.mbeans.PluginGenerator          I SRVE9103I: A configuration file for a web server plugin was automatically generated for this server at C:\Users\hazi_\Downloads\demo2\service-b\target\liberty\wlp\usr\servers\demo2\logs\state\plugin-cfg.xml.
[1/26/22, 19:33:11:912 EET] 0000002f com.ibm.ws.http.internal.VirtualHostImpl                     A CWWKT0017I: Web application removed (default_host): http://localhost:9081/
[1/26/22, 19:33:11:921 EET] 0000002f com.ibm.ws.app.manager.AppMessageHelper                      A CWWKZ0009I: The application demo2 has stopped successfully.
[1/26/22, 19:33:11:929 EET] 0000002f com.ibm.ws.app.manager.AppMessageHelper                      I CWWKZ0018I: Starting application demo2.
[1/26/22, 19:33:11:930 EET] 0000002f bm.ws.app.manager.war.internal.WARDeployedAppInfoFactoryImpl I CWWKZ0134I: The demo2 application is using the loose application definition at the C:\Users\hazi_\Downloads\demo2\service-b\target\liberty\wlp\usr\servers\demo2\apps\demo2.war.xml location.
[1/26/22, 19:33:11:950 EET] 0000006b com.ibm.ws.webcontainer.osgi.mbeans.PluginGenerator          I SRVE9103I: A configuration file for a web server plugin was automatically generated for this server at C:\Users\hazi_\Downloads\demo2\service-b\target\liberty\wlp\usr\servers\demo2\logs\state\plugin-cfg.xml.
[1/26/22, 19:33:12:992 EET] 0000002f io.openliberty.microprofile.openapi20.ApplicationProcessor   I CWWKO1660I: The application demo2 was processed and an OpenAPI document was produced.
[1/26/22, 19:33:13:352 EET] 0000002f m.ws.microprofile.rest.client.cdi.LibertyRestClientExtension I CWWKW0750I: The following interfaces are configured as RequestScoped which will result in slower performance:  Consider using ApplicationScoped for better performance.
[1/26/22, 19:33:13:356 EET] 0000002f com.ibm.ws.webcontainer.osgi.webapp.WebGroup                 I SRVE0169I: Loading Web Module: demo2.
[1/26/22, 19:33:13:357 EET] 0000002f com.ibm.ws.webcontainer                                      I SRVE0250I: Web Module demo2 has been bound to default_host.
[1/26/22, 19:33:13:357 EET] 0000002f com.ibm.ws.http.internal.VirtualHostImpl                     A CWWKT0016I: Web application available (default_host): http://localhost:9081/
[1/26/22, 19:33:13:358 EET] 0000006f com.ibm.ws.session.WASSessionCore                            I SESN0176I: A new session context will be created for application key default_host/
[1/26/22, 19:33:13:358 EET] 0000006f com.ibm.ws.util                                              I SESN0172I: The session manager is using the Java default SecureRandom implementation for session ID generation.
[1/26/22, 19:33:13:378 EET] 0000006f com.ibm.ws.app.manager.AppMessageHelper                      A CWWKZ0003I: The application demo2 updated in 1.449 seconds.
[1/26/22, 19:33:13:378 EET] 0000003a com.ibm.ws.webcontainer.osgi.mbeans.PluginGenerator          I SRVE9103I: A configuration file for a web server plugin was automatically generated for this server at C:\Users\hazi_\Downloads\demo2\service-b\target\liberty\wlp\usr\servers\demo2\logs\state\plugin-cfg.xml.
[1/26/22, 19:33:33:250 EET] 0000002c .apache.cxf.cxf.core.3.2:1.0.60.cl220120220103-1900(id=103)] I Setting the server's publish address to be /data/
[1/26/22, 19:33:33:257 EET] 0000002c com.ibm.ws.webcontainer.servlet                              I SRVE0242I: [demo2] [/] [com.example.demo2.Demo2RestApplication]: Initialization successful.
[1/26/22, 19:33:33:474 EET] 0000002c io.jaegertracing.Configuration                               I Initialized tracer=JaegerTracer(version=Java-1.5.0, serviceName=demo2, reporter=RemoteReporter(sender=UdpSender(host=localhost, port=6831), closeEnqueueTimeout=1000), sampler=RemoteControlledSampler(maxOperations=2000, manager=HttpSamplingManager(hostPort=localhost:5778), sampler=ProbabilisticSampler(tags={sampler.type=probabilistic, sampler.param=0.001})), tags={hostname=DESKTOP-EQQIBCR, jaeger.version=Java-1.5.0, ip=172.26.224.1}, zipkinSharedRpcSpan=false, expandExceptionLogs=false, useTraceId128Bit=false)
[1/26/22, 19:33:33:474 EET] 0000002c m.ibm.ws.microprofile.opentracing.jaeger.JaegerTracerFactory I CWMOT1001I: A JaegerTracer instance was created for the demo2 application.  Tracing information is sent to localhost:6831.
[1/26/22, 19:33:33:488 EET] 0000002c com.ibm.ws.security.mp.jwt.principal.PrincipalBean           E CWWKS5604E: A JsonWebToken Principal can't be injected because one is not available. Protect the requesting resource so authentication occurs before the resource is accessed.
[1/26/22, 19:33:33:847 EET] 0000002c SystemOut                                                    O Formular de Consimtamant.pdf
[1/26/22, 19:33:33:847 EET] 0000002c SystemOut                                                    O GDPR SCPA.pdf
[1/26/22, 19:33:33:848 EET] 0000002c SystemOut                                                    O buletin-580x414.png
[1/26/22, 19:33:44:300 EET] 0000006a com.ibm.ws.http.internal.VirtualHostImpl                     A CWWKT0017I: Web application removed (default_host): http://localhost:9081/
[1/26/22, 19:33:44:301 EET] 0000006a com.ibm.ws.webcontainer.servlet                              I SRVE0253I: [demo2] [/] [com.example.demo2.Demo2RestApplication]: Destroy successful.
[1/26/22, 19:33:44:307 EET] 0000006a com.ibm.ws.app.manager.AppMessageHelper                      A CWWKZ0009I: The application demo2 has stopped successfully.
[1/26/22, 19:33:44:314 EET] 0000006a com.ibm.ws.app.manager.AppMessageHelper                      I CWWKZ0018I: Starting application demo2.
[1/26/22, 19:33:44:315 EET] 0000006a bm.ws.app.manager.war.internal.WARDeployedAppInfoFactoryImpl I CWWKZ0134I: The demo2 application is using the loose application definition at the C:\Users\hazi_\Downloads\demo2\service-b\target\liberty\wlp\usr\servers\demo2\apps\demo2.war.xml location.
[1/26/22, 19:33:44:327 EET] 00000035 com.ibm.ws.webcontainer.osgi.mbeans.PluginGenerator          I SRVE9103I: A configuration file for a web server plugin was automatically generated for this server at C:\Users\hazi_\Downloads\demo2\service-b\target\liberty\wlp\usr\servers\demo2\logs\state\plugin-cfg.xml.
[1/26/22, 19:33:45:605 EET] 0000006a io.openliberty.microprofile.openapi20.ApplicationProcessor   I CWWKO1660I: The application demo2 was processed and an OpenAPI document was produced.
[1/26/22, 19:33:46:104 EET] 0000006a m.ws.microprofile.rest.client.cdi.LibertyRestClientExtension I CWWKW0750I: The following interfaces are configured as RequestScoped which will result in slower performance:  Consider using ApplicationScoped for better performance.
[1/26/22, 19:33:46:109 EET] 0000006a com.ibm.ws.webcontainer.osgi.webapp.WebGroup                 I SRVE0169I: Loading Web Module: demo2.
[1/26/22, 19:33:46:110 EET] 0000006a com.ibm.ws.webcontainer                                      I SRVE0250I: Web Module demo2 has been bound to default_host.
[1/26/22, 19:33:46:110 EET] 0000006a com.ibm.ws.http.internal.VirtualHostImpl                     A CWWKT0016I: Web application available (default_host): http://localhost:9081/
[1/26/22, 19:33:46:111 EET] 0000002d com.ibm.ws.session.WASSessionCore                            I SESN0176I: A new session context will be created for application key default_host/
[1/26/22, 19:33:46:111 EET] 0000002d com.ibm.ws.util                                              I SESN0172I: The session manager is using the Java default SecureRandom implementation for session ID generation.
[1/26/22, 19:33:46:127 EET] 0000002d com.ibm.ws.app.manager.AppMessageHelper                      A CWWKZ0003I: The application demo2 updated in 1.813 seconds.
[1/26/22, 19:33:46:133 EET] 0000006f com.ibm.ws.webcontainer.osgi.mbeans.PluginGenerator          I SRVE9103I: A configuration file for a web server plugin was automatically generated for this server at C:\Users\hazi_\Downloads\demo2\service-b\target\liberty\wlp\usr\servers\demo2\logs\state\plugin-cfg.xml.
[1/26/22, 19:33:47:289 EET] 00000026 .apache.cxf.cxf.core.3.2:1.0.60.cl220120220103-1900(id=103)] I Setting the server's publish address to be /data/
[1/26/22, 19:33:47:299 EET] 00000026 com.ibm.ws.webcontainer.servlet                              I SRVE0242I: [demo2] [/] [com.example.demo2.Demo2RestApplication]: Initialization successful.
[1/26/22, 19:33:47:300 EET] 00000026 com.ibm.ws.security.mp.jwt.tai.MicroProfileJwtTAI            E CWWKS5522E: The MicroProfile JWT feature cannot perform authentication because a MicroProfile JWT cannot be found in the request.
[1/26/22, 19:33:48:074 EET] 00000039 com.ibm.ws.config.xml.internal.ConfigRefresher               A CWWKG0016I: Starting server configuration update.
[1/26/22, 19:33:48:078 EET] 00000039 com.ibm.ws.config.xml.internal.ConfigRefresher               A CWWKG0018I: The server configuration was not updated. No functional changes were detected.
[1/26/22, 19:33:48:394 EET] 0000006c com.ibm.ws.http.internal.VirtualHostImpl                     A CWWKT0017I: Web application removed (default_host): http://localhost:9081/
[1/26/22, 19:33:48:395 EET] 0000006c com.ibm.ws.webcontainer.servlet                              I SRVE0253I: [demo2] [/] [com.example.demo2.Demo2RestApplication]: Destroy successful.
[1/26/22, 19:33:48:400 EET] 0000006c com.ibm.ws.app.manager.AppMessageHelper                      A CWWKZ0009I: The application demo2 has stopped successfully.
[1/26/22, 19:33:48:407 EET] 0000006c com.ibm.ws.app.manager.AppMessageHelper                      I CWWKZ0018I: Starting application demo2.
[1/26/22, 19:33:48:407 EET] 0000006c bm.ws.app.manager.war.internal.WARDeployedAppInfoFactoryImpl I CWWKZ0134I: The demo2 application is using the loose application definition at the C:\Users\hazi_\Downloads\demo2\service-b\target\liberty\wlp\usr\servers\demo2\apps\demo2.war.xml location.
[1/26/22, 19:33:48:419 EET] 0000003a com.ibm.ws.webcontainer.osgi.mbeans.PluginGenerator          I SRVE9103I: A configuration file for a web server plugin was automatically generated for this server at C:\Users\hazi_\Downloads\demo2\service-b\target\liberty\wlp\usr\servers\demo2\logs\state\plugin-cfg.xml.
[1/26/22, 19:33:49:560 EET] 0000006c io.openliberty.microprofile.openapi20.ApplicationProcessor   I CWWKO1660I: The application demo2 was processed and an OpenAPI document was produced.
[1/26/22, 19:33:49:962 EET] 0000006c m.ws.microprofile.rest.client.cdi.LibertyRestClientExtension I CWWKW0750I: The following interfaces are configured as RequestScoped which will result in slower performance:  Consider using ApplicationScoped for better performance.
[1/26/22, 19:33:49:967 EET] 0000006c com.ibm.ws.webcontainer.osgi.webapp.WebGroup                 I SRVE0169I: Loading Web Module: demo2.
[1/26/22, 19:33:49:967 EET] 0000006c com.ibm.ws.webcontainer                                      I SRVE0250I: Web Module demo2 has been bound to default_host.
[1/26/22, 19:33:49:967 EET] 0000006c com.ibm.ws.http.internal.VirtualHostImpl                     A CWWKT0016I: Web application available (default_host): http://localhost:9081/
[1/26/22, 19:33:49:968 EET] 0000002d com.ibm.ws.session.WASSessionCore                            I SESN0176I: A new session context will be created for application key default_host/
[1/26/22, 19:33:49:968 EET] 0000002d com.ibm.ws.util                                              I SESN0172I: The session manager is using the Java default SecureRandom implementation for session ID generation.
[1/26/22, 19:33:49:989 EET] 0000002f com.ibm.ws.webcontainer.osgi.mbeans.PluginGenerator          I SRVE9103I: A configuration file for a web server plugin was automatically generated for this server at C:\Users\hazi_\Downloads\demo2\service-b\target\liberty\wlp\usr\servers\demo2\logs\state\plugin-cfg.xml.
[1/26/22, 19:33:49:991 EET] 0000002d com.ibm.ws.app.manager.AppMessageHelper                      A CWWKZ0003I: The application demo2 updated in 1.584 seconds.
[1/26/22, 19:33:51:343 EET] 00000026 .apache.cxf.cxf.core.3.2:1.0.60.cl220120220103-1900(id=103)] I Setting the server's publish address to be /data/
[1/26/22, 19:33:51:350 EET] 00000026 com.ibm.ws.webcontainer.servlet                              I SRVE0242I: [demo2] [/] [com.example.demo2.Demo2RestApplication]: Initialization successful.
[1/26/22, 19:33:51:352 EET] 00000026 com.ibm.ws.security.mp.jwt.tai.MicroProfileJwtTAI            E CWWKS5522E: The MicroProfile JWT feature cannot perform authentication because a MicroProfile JWT cannot be found in the request.
[1/26/22, 19:34:29:870 EET] 00000035 com.ibm.ws.http.internal.VirtualHostImpl                     A CWWKT0017I: Web application removed (default_host): http://localhost:9081/
[1/26/22, 19:34:29:871 EET] 00000035 com.ibm.ws.webcontainer.servlet                              I SRVE0253I: [demo2] [/] [com.example.demo2.Demo2RestApplication]: Destroy successful.
[1/26/22, 19:34:29:878 EET] 00000035 com.ibm.ws.app.manager.AppMessageHelper                      A CWWKZ0009I: The application demo2 has stopped successfully.
[1/26/22, 19:34:29:885 EET] 00000035 com.ibm.ws.app.manager.AppMessageHelper                      I CWWKZ0018I: Starting application demo2.
[1/26/22, 19:34:29:885 EET] 00000035 bm.ws.app.manager.war.internal.WARDeployedAppInfoFactoryImpl I CWWKZ0134I: The demo2 application is using the loose application definition at the C:\Users\hazi_\Downloads\demo2\service-b\target\liberty\wlp\usr\servers\demo2\apps\demo2.war.xml location.
[1/26/22, 19:34:29:900 EET] 0000006a com.ibm.ws.webcontainer.osgi.mbeans.PluginGenerator          I SRVE9103I: A configuration file for a web server plugin was automatically generated for this server at C:\Users\hazi_\Downloads\demo2\service-b\target\liberty\wlp\usr\servers\demo2\logs\state\plugin-cfg.xml.
[1/26/22, 19:34:30:861 EET] 00000035 io.openliberty.microprofile.openapi20.ApplicationProcessor   I CWWKO1660I: The application demo2 was processed and an OpenAPI document was produced.
[1/26/22, 19:34:31:244 EET] 00000035 m.ws.microprofile.rest.client.cdi.LibertyRestClientExtension I CWWKW0750I: The following interfaces are configured as RequestScoped which will result in slower performance:  Consider using ApplicationScoped for better performance.
[1/26/22, 19:34:31:248 EET] 00000035 com.ibm.ws.webcontainer.osgi.webapp.WebGroup                 I SRVE0169I: Loading Web Module: demo2.
[1/26/22, 19:34:31:248 EET] 00000035 com.ibm.ws.webcontainer                                      I SRVE0250I: Web Module demo2 has been bound to default_host.
[1/26/22, 19:34:31:248 EET] 00000035 com.ibm.ws.http.internal.VirtualHostImpl                     A CWWKT0016I: Web application available (default_host): http://localhost:9081/
[1/26/22, 19:34:31:249 EET] 00000039 com.ibm.ws.session.WASSessionCore                            I SESN0176I: A new session context will be created for application key default_host/
[1/26/22, 19:34:31:249 EET] 00000039 com.ibm.ws.util                                              I SESN0172I: The session manager is using the Java default SecureRandom implementation for session ID generation.
[1/26/22, 19:34:31:268 EET] 00000039 com.ibm.ws.app.manager.AppMessageHelper                      A CWWKZ0003I: The application demo2 updated in 1.383 seconds.
[1/26/22, 19:34:31:274 EET] 0000002b com.ibm.ws.webcontainer.osgi.mbeans.PluginGenerator          I SRVE9103I: A configuration file for a web server plugin was automatically generated for this server at C:\Users\hazi_\Downloads\demo2\service-b\target\liberty\wlp\usr\servers\demo2\logs\state\plugin-cfg.xml.
[1/26/22, 19:35:13:667 EET] 0000006e .apache.cxf.cxf.core.3.2:1.0.60.cl220120220103-1900(id=103)] I Setting the server's publish address to be /data/
[1/26/22, 19:35:13:673 EET] 0000006e com.ibm.ws.webcontainer.servlet                              I SRVE0242I: [demo2] [/] [com.example.demo2.Demo2RestApplication]: Initialization successful.
[1/26/22, 19:35:13:674 EET] 0000006e com.ibm.ws.security.mp.jwt.tai.MicroProfileJwtTAI            E CWWKS5522E: The MicroProfile JWT feature cannot perform authentication because a MicroProfile JWT cannot be found in the request.
[1/26/22, 19:35:27:528 EET] 0000006e io.jaegertracing.Configuration                               I Initialized tracer=JaegerTracer(version=Java-1.5.0, serviceName=demo2, reporter=RemoteReporter(sender=UdpSender(host=localhost, port=6831), closeEnqueueTimeout=1000), sampler=RemoteControlledSampler(maxOperations=2000, manager=HttpSamplingManager(hostPort=localhost:5778), sampler=ProbabilisticSampler(tags={sampler.type=probabilistic, sampler.param=0.001})), tags={hostname=DESKTOP-EQQIBCR, jaeger.version=Java-1.5.0, ip=172.26.224.1}, zipkinSharedRpcSpan=false, expandExceptionLogs=false, useTraceId128Bit=false)
[1/26/22, 19:35:27:528 EET] 0000006e m.ibm.ws.microprofile.opentracing.jaeger.JaegerTracerFactory I CWMOT1001I: A JaegerTracer instance was created for the demo2 application.  Tracing information is sent to localhost:6831.
[1/26/22, 19:41:58:539 EET] 000000af com.ibm.ws.http.internal.VirtualHostImpl                     A CWWKT0017I: Web application removed (default_host): http://localhost:9081/
[1/26/22, 19:41:58:542 EET] 000000af com.ibm.ws.webcontainer.servlet                              I SRVE0253I: [demo2] [/] [com.example.demo2.Demo2RestApplication]: Destroy successful.
[1/26/22, 19:41:58:553 EET] 000000af com.ibm.ws.app.manager.AppMessageHelper                      A CWWKZ0009I: The application demo2 has stopped successfully.
[1/26/22, 19:41:58:567 EET] 000000af com.ibm.ws.app.manager.AppMessageHelper                      I CWWKZ0018I: Starting application demo2.
[1/26/22, 19:41:58:567 EET] 000000af bm.ws.app.manager.war.internal.WARDeployedAppInfoFactoryImpl I CWWKZ0134I: The demo2 application is using the loose application definition at the C:\Users\hazi_\Downloads\demo2\service-b\target\liberty\wlp\usr\servers\demo2\apps\demo2.war.xml location.
[1/26/22, 19:41:58:581 EET] 000000c9 com.ibm.ws.webcontainer.osgi.mbeans.PluginGenerator          I SRVE9103I: A configuration file for a web server plugin was automatically generated for this server at C:\Users\hazi_\Downloads\demo2\service-b\target\liberty\wlp\usr\servers\demo2\logs\state\plugin-cfg.xml.
[1/26/22, 19:41:59:683 EET] 000000af io.openliberty.microprofile.openapi20.ApplicationProcessor   I CWWKO1660I: The application demo2 was processed and an OpenAPI document was produced.
[1/26/22, 19:42:00:090 EET] 000000af m.ws.microprofile.rest.client.cdi.LibertyRestClientExtension I CWWKW0750I: The following interfaces are configured as RequestScoped which will result in slower performance:  Consider using ApplicationScoped for better performance.
[1/26/22, 19:42:00:096 EET] 000000af com.ibm.ws.webcontainer.osgi.webapp.WebGroup                 I SRVE0169I: Loading Web Module: demo2.
[1/26/22, 19:42:00:096 EET] 000000af com.ibm.ws.webcontainer                                      I SRVE0250I: Web Module demo2 has been bound to default_host.
[1/26/22, 19:42:00:097 EET] 000000af com.ibm.ws.http.internal.VirtualHostImpl                     A CWWKT0016I: Web application available (default_host): http://localhost:9081/
[1/26/22, 19:42:00:098 EET] 0000002f com.ibm.ws.session.WASSessionCore                            I SESN0176I: A new session context will be created for application key default_host/
[1/26/22, 19:42:00:098 EET] 0000002f com.ibm.ws.util                                              I SESN0172I: The session manager is using the Java default SecureRandom implementation for session ID generation.
[1/26/22, 19:42:00:118 EET] 0000002f com.ibm.ws.app.manager.AppMessageHelper                      A CWWKZ0003I: The application demo2 updated in 1.550 seconds.
[1/26/22, 19:42:00:121 EET] 000000d1 com.ibm.ws.webcontainer.osgi.mbeans.PluginGenerator          I SRVE9103I: A configuration file for a web server plugin was automatically generated for this server at C:\Users\hazi_\Downloads\demo2\service-b\target\liberty\wlp\usr\servers\demo2\logs\state\plugin-cfg.xml.
[1/26/22, 19:42:11:854 EET] 000000cf .apache.cxf.cxf.core.3.2:1.0.60.cl220120220103-1900(id=103)] I Setting the server's publish address to be /data/
[1/26/22, 19:42:11:859 EET] 000000cf com.ibm.ws.webcontainer.servlet                              I SRVE0242I: [demo2] [/] [com.example.demo2.Demo2RestApplication]: Initialization successful.
[1/26/22, 19:42:12:076 EET] 000000cf io.jaegertracing.Configuration                               I Initialized tracer=JaegerTracer(version=Java-1.5.0, serviceName=demo2, reporter=RemoteReporter(sender=UdpSender(host=localhost, port=6831), closeEnqueueTimeout=1000), sampler=RemoteControlledSampler(maxOperations=2000, manager=HttpSamplingManager(hostPort=localhost:5778), sampler=ProbabilisticSampler(tags={sampler.type=probabilistic, sampler.param=0.001})), tags={hostname=DESKTOP-EQQIBCR, jaeger.version=Java-1.5.0, ip=172.26.224.1}, zipkinSharedRpcSpan=false, expandExceptionLogs=false, useTraceId128Bit=false)
[1/26/22, 19:42:12:076 EET] 000000cf m.ibm.ws.microprofile.opentracing.jaeger.JaegerTracerFactory I CWMOT1001I: A JaegerTracer instance was created for the demo2 application.  Tracing information is sent to localhost:6831.
[1/26/22, 19:43:33:187 EET] 0000003a com.ibm.ws.http.internal.VirtualHostImpl                     A CWWKT0017I: Web application removed (default_host): http://localhost:9081/
[1/26/22, 19:43:33:188 EET] 0000003a com.ibm.ws.webcontainer.servlet                              I SRVE0253I: [demo2] [/] [com.example.demo2.Demo2RestApplication]: Destroy successful.
[1/26/22, 19:43:33:194 EET] 0000003a com.ibm.ws.app.manager.AppMessageHelper                      A CWWKZ0009I: The application demo2 has stopped successfully.
[1/26/22, 19:43:33:204 EET] 0000003a com.ibm.ws.app.manager.AppMessageHelper                      I CWWKZ0018I: Starting application demo2.
[1/26/22, 19:43:33:204 EET] 0000003a bm.ws.app.manager.war.internal.WARDeployedAppInfoFactoryImpl I CWWKZ0134I: The demo2 application is using the loose application definition at the C:\Users\hazi_\Downloads\demo2\service-b\target\liberty\wlp\usr\servers\demo2\apps\demo2.war.xml location.
[1/26/22, 19:43:33:217 EET] 000000d1 com.ibm.ws.webcontainer.osgi.mbeans.PluginGenerator          I SRVE9103I: A configuration file for a web server plugin was automatically generated for this server at C:\Users\hazi_\Downloads\demo2\service-b\target\liberty\wlp\usr\servers\demo2\logs\state\plugin-cfg.xml.
[1/26/22, 19:43:34:319 EET] 0000003a io.openliberty.microprofile.openapi20.ApplicationProcessor   I CWWKO1660I: The application demo2 was processed and an OpenAPI document was produced.
[1/26/22, 19:43:34:763 EET] 0000003a m.ws.microprofile.rest.client.cdi.LibertyRestClientExtension I CWWKW0750I: The following interfaces are configured as RequestScoped which will result in slower performance:  Consider using ApplicationScoped for better performance.
[1/26/22, 19:43:34:768 EET] 0000003a com.ibm.ws.webcontainer.osgi.webapp.WebGroup                 I SRVE0169I: Loading Web Module: demo2.
[1/26/22, 19:43:34:768 EET] 0000003a com.ibm.ws.webcontainer                                      I SRVE0250I: Web Module demo2 has been bound to default_host.
[1/26/22, 19:43:34:768 EET] 0000003a com.ibm.ws.http.internal.VirtualHostImpl                     A CWWKT0016I: Web application available (default_host): http://localhost:9081/
[1/26/22, 19:43:34:769 EET] 000000d1 com.ibm.ws.session.WASSessionCore                            I SESN0176I: A new session context will be created for application key default_host/
[1/26/22, 19:43:34:769 EET] 000000d1 com.ibm.ws.util                                              I SESN0172I: The session manager is using the Java default SecureRandom implementation for session ID generation.
[1/26/22, 19:43:34:788 EET] 000000d1 com.ibm.ws.app.manager.AppMessageHelper                      A CWWKZ0003I: The application demo2 updated in 1.584 seconds.
[1/26/22, 19:43:34:792 EET] 000000bf com.ibm.ws.webcontainer.osgi.mbeans.PluginGenerator          I SRVE9103I: A configuration file for a web server plugin was automatically generated for this server at C:\Users\hazi_\Downloads\demo2\service-b\target\liberty\wlp\usr\servers\demo2\logs\state\plugin-cfg.xml.
[1/26/22, 19:43:40:342 EET] 000000cc .apache.cxf.cxf.core.3.2:1.0.60.cl220120220103-1900(id=103)] I Setting the server's publish address to be /data/
[1/26/22, 19:43:40:347 EET] 000000cc com.ibm.ws.webcontainer.servlet                              I SRVE0242I: [demo2] [/] [com.example.demo2.Demo2RestApplication]: Initialization successful.
[1/26/22, 19:43:40:536 EET] 000000cc io.jaegertracing.Configuration                               I Initialized tracer=JaegerTracer(version=Java-1.5.0, serviceName=demo2, reporter=RemoteReporter(sender=UdpSender(host=localhost, port=6831), closeEnqueueTimeout=1000), sampler=RemoteControlledSampler(maxOperations=2000, manager=HttpSamplingManager(hostPort=localhost:5778), sampler=ProbabilisticSampler(tags={sampler.type=probabilistic, sampler.param=0.001})), tags={hostname=DESKTOP-EQQIBCR, jaeger.version=Java-1.5.0, ip=172.26.224.1}, zipkinSharedRpcSpan=false, expandExceptionLogs=false, useTraceId128Bit=false)
[1/26/22, 19:43:40:536 EET] 000000cc m.ibm.ws.microprofile.opentracing.jaeger.JaegerTracerFactory I CWMOT1001I: A JaegerTracer instance was created for the demo2 application.  Tracing information is sent to localhost:6831.
[1/26/22, 19:46:39:593 EET] 000000f0 com.ibm.ws.http.internal.VirtualHostImpl                     A CWWKT0017I: Web application removed (default_host): http://localhost:9081/
[1/26/22, 19:46:39:594 EET] 000000f0 com.ibm.ws.webcontainer.servlet                              I SRVE0253I: [demo2] [/] [com.example.demo2.Demo2RestApplication]: Destroy successful.
[1/26/22, 19:46:39:602 EET] 000000f0 com.ibm.ws.app.manager.AppMessageHelper                      A CWWKZ0009I: The application demo2 has stopped successfully.
[1/26/22, 19:46:39:609 EET] 000000f0 com.ibm.ws.app.manager.AppMessageHelper                      I CWWKZ0018I: Starting application demo2.
[1/26/22, 19:46:39:609 EET] 000000f0 bm.ws.app.manager.war.internal.WARDeployedAppInfoFactoryImpl I CWWKZ0134I: The demo2 application is using the loose application definition at the C:\Users\hazi_\Downloads\demo2\service-b\target\liberty\wlp\usr\servers\demo2\apps\demo2.war.xml location.
[1/26/22, 19:46:39:622 EET] 000000ef com.ibm.ws.webcontainer.osgi.mbeans.PluginGenerator          I SRVE9103I: A configuration file for a web server plugin was automatically generated for this server at C:\Users\hazi_\Downloads\demo2\service-b\target\liberty\wlp\usr\servers\demo2\logs\state\plugin-cfg.xml.
[1/26/22, 19:46:40:719 EET] 000000f0 io.openliberty.microprofile.openapi20.ApplicationProcessor   I CWWKO1660I: The application demo2 was processed and an OpenAPI document was produced.
[1/26/22, 19:46:41:105 EET] 000000f0 m.ws.microprofile.rest.client.cdi.LibertyRestClientExtension I CWWKW0750I: The following interfaces are configured as RequestScoped which will result in slower performance:  Consider using ApplicationScoped for better performance.
[1/26/22, 19:46:41:109 EET] 000000f0 com.ibm.ws.webcontainer.osgi.webapp.WebGroup                 I SRVE0169I: Loading Web Module: demo2.
[1/26/22, 19:46:41:109 EET] 000000f0 com.ibm.ws.webcontainer                                      I SRVE0250I: Web Module demo2 has been bound to default_host.
[1/26/22, 19:46:41:109 EET] 000000f0 com.ibm.ws.http.internal.VirtualHostImpl                     A CWWKT0016I: Web application available (default_host): http://localhost:9081/
[1/26/22, 19:46:41:110 EET] 000000cf com.ibm.ws.session.WASSessionCore                            I SESN0176I: A new session context will be created for application key default_host/
[1/26/22, 19:46:41:110 EET] 000000cf com.ibm.ws.util                                              I SESN0172I: The session manager is using the Java default SecureRandom implementation for session ID generation.
[1/26/22, 19:46:41:136 EET] 000000ef com.ibm.ws.webcontainer.osgi.mbeans.PluginGenerator          I SRVE9103I: A configuration file for a web server plugin was automatically generated for this server at C:\Users\hazi_\Downloads\demo2\service-b\target\liberty\wlp\usr\servers\demo2\logs\state\plugin-cfg.xml.
[1/26/22, 19:46:41:137 EET] 000000cf com.ibm.ws.app.manager.AppMessageHelper                      A CWWKZ0003I: The application demo2 updated in 1.528 seconds.
[1/26/22, 19:46:53:753 EET] 000000c9 .apache.cxf.cxf.core.3.2:1.0.60.cl220120220103-1900(id=103)] I Setting the server's publish address to be /data/
[1/26/22, 19:46:53:757 EET] 000000c9 com.ibm.ws.webcontainer.servlet                              I SRVE0242I: [demo2] [/] [com.example.demo2.Demo2RestApplication]: Initialization successful.
[1/26/22, 19:46:53:956 EET] 000000c9 io.jaegertracing.Configuration                               I Initialized tracer=JaegerTracer(version=Java-1.5.0, serviceName=demo2, reporter=RemoteReporter(sender=UdpSender(host=localhost, port=6831), closeEnqueueTimeout=1000), sampler=RemoteControlledSampler(maxOperations=2000, manager=HttpSamplingManager(hostPort=localhost:5778), sampler=ProbabilisticSampler(tags={sampler.type=probabilistic, sampler.param=0.001})), tags={hostname=DESKTOP-EQQIBCR, jaeger.version=Java-1.5.0, ip=172.26.224.1}, zipkinSharedRpcSpan=false, expandExceptionLogs=false, useTraceId128Bit=false)
[1/26/22, 19:46:53:957 EET] 000000c9 m.ibm.ws.microprofile.opentracing.jaeger.JaegerTracerFactory I CWMOT1001I: A JaegerTracer instance was created for the demo2 application.  Tracing information is sent to localhost:6831.
[1/26/22, 19:46:53:971 EET] 000000c9 com.ibm.ws.security.mp.jwt.principal.PrincipalBean           E CWWKS5604E: A JsonWebToken Principal can't be injected because one is not available. Protect the requesting resource so authentication occurs before the resource is accessed.
[1/26/22, 19:46:54:166 EET] 000000c9 SystemOut                                                    O Formular de Consimtamant.pdf
[1/26/22, 19:46:54:167 EET] 000000c9 SystemOut                                                    O GDPR SCPA.pdf
[1/26/22, 19:46:54:167 EET] 000000c9 SystemOut                                                    O MP_FII-ISS-SD2_20_22_19.01.2022.pdf
[1/26/22, 19:46:54:167 EET] 000000c9 SystemOut                                                    O buletin-580x414.png
[1/26/22, 19:46:54:167 EET] 000000c9 SystemOut                                                    O hw2(2).pdf
[1/26/22, 19:47:30:695 EET] 000000c3 com.ibm.ws.http.internal.VirtualHostImpl                     A CWWKT0017I: Web application removed (default_host): http://localhost:9081/
[1/26/22, 19:47:30:696 EET] 000000c3 com.ibm.ws.webcontainer.servlet                              I SRVE0253I: [demo2] [/] [com.example.demo2.Demo2RestApplication]: Destroy successful.
[1/26/22, 19:47:30:705 EET] 000000c3 com.ibm.ws.app.manager.AppMessageHelper                      A CWWKZ0009I: The application demo2 has stopped successfully.
[1/26/22, 19:47:30:720 EET] 000000c3 com.ibm.ws.app.manager.AppMessageHelper                      I CWWKZ0018I: Starting application demo2.
[1/26/22, 19:47:30:720 EET] 000000c3 bm.ws.app.manager.war.internal.WARDeployedAppInfoFactoryImpl I CWWKZ0134I: The demo2 application is using the loose application definition at the C:\Users\hazi_\Downloads\demo2\service-b\target\liberty\wlp\usr\servers\demo2\apps\demo2.war.xml location.
[1/26/22, 19:47:30:733 EET] 000000a1 com.ibm.ws.webcontainer.osgi.mbeans.PluginGenerator          I SRVE9103I: A configuration file for a web server plugin was automatically generated for this server at C:\Users\hazi_\Downloads\demo2\service-b\target\liberty\wlp\usr\servers\demo2\logs\state\plugin-cfg.xml.
[1/26/22, 19:47:31:939 EET] 000000c3 io.openliberty.microprofile.openapi20.ApplicationProcessor   I CWWKO1660I: The application demo2 was processed and an OpenAPI document was produced.
[1/26/22, 19:47:32:419 EET] 000000c3 m.ws.microprofile.rest.client.cdi.LibertyRestClientExtension I CWWKW0750I: The following interfaces are configured as RequestScoped which will result in slower performance:  Consider using ApplicationScoped for better performance.
[1/26/22, 19:47:32:426 EET] 000000c3 com.ibm.ws.webcontainer.osgi.webapp.WebGroup                 I SRVE0169I: Loading Web Module: demo2.
[1/26/22, 19:47:32:426 EET] 000000c3 com.ibm.ws.webcontainer                                      I SRVE0250I: Web Module demo2 has been bound to default_host.
[1/26/22, 19:47:32:427 EET] 000000c3 com.ibm.ws.http.internal.VirtualHostImpl                     A CWWKT0016I: Web application available (default_host): http://localhost:9081/
[1/26/22, 19:47:32:428 EET] 000000ea com.ibm.ws.session.WASSessionCore                            I SESN0176I: A new session context will be created for application key default_host/
[1/26/22, 19:47:32:429 EET] 000000ea com.ibm.ws.util                                              I SESN0172I: The session manager is using the Java default SecureRandom implementation for session ID generation.
[1/26/22, 19:47:32:491 EET] 000000ea com.ibm.ws.app.manager.AppMessageHelper                      A CWWKZ0003I: The application demo2 updated in 1.770 seconds.
[1/26/22, 19:47:32:494 EET] 000000c3 com.ibm.ws.webcontainer.osgi.mbeans.PluginGenerator          I SRVE9103I: A configuration file for a web server plugin was automatically generated for this server at C:\Users\hazi_\Downloads\demo2\service-b\target\liberty\wlp\usr\servers\demo2\logs\state\plugin-cfg.xml.
[1/26/22, 19:47:32:526 EET] 000000d1 com.ibm.ws.http.internal.VirtualHostImpl                     A CWWKT0017I: Web application removed (default_host): http://localhost:9081/
[1/26/22, 19:47:32:534 EET] 000000d1 com.ibm.ws.app.manager.AppMessageHelper                      A CWWKZ0009I: The application demo2 has stopped successfully.
[1/26/22, 19:47:32:547 EET] 000000d1 com.ibm.ws.app.manager.AppMessageHelper                      I CWWKZ0018I: Starting application demo2.
[1/26/22, 19:47:32:548 EET] 000000d1 bm.ws.app.manager.war.internal.WARDeployedAppInfoFactoryImpl I CWWKZ0134I: The demo2 application is using the loose application definition at the C:\Users\hazi_\Downloads\demo2\service-b\target\liberty\wlp\usr\servers\demo2\apps\demo2.war.xml location.
[1/26/22, 19:47:32:557 EET] 000000c0 com.ibm.ws.webcontainer.osgi.mbeans.PluginGenerator          I SRVE9103I: A configuration file for a web server plugin was automatically generated for this server at C:\Users\hazi_\Downloads\demo2\service-b\target\liberty\wlp\usr\servers\demo2\logs\state\plugin-cfg.xml.
[1/26/22, 19:47:33:714 EET] 000000d1 io.openliberty.microprofile.openapi20.ApplicationProcessor   I CWWKO1660I: The application demo2 was processed and an OpenAPI document was produced.
[1/26/22, 19:47:34:033 EET] 000000d1 m.ws.microprofile.rest.client.cdi.LibertyRestClientExtension I CWWKW0750I: The following interfaces are configured as RequestScoped which will result in slower performance:  Consider using ApplicationScoped for better performance.
[1/26/22, 19:47:34:037 EET] 000000d1 com.ibm.ws.webcontainer.osgi.webapp.WebGroup                 I SRVE0169I: Loading Web Module: demo2.
[1/26/22, 19:47:34:037 EET] 000000d1 com.ibm.ws.webcontainer                                      I SRVE0250I: Web Module demo2 has been bound to default_host.
[1/26/22, 19:47:34:037 EET] 000000d1 com.ibm.ws.http.internal.VirtualHostImpl                     A CWWKT0016I: Web application available (default_host): http://localhost:9081/
[1/26/22, 19:47:34:038 EET] 0000002f com.ibm.ws.session.WASSessionCore                            I SESN0176I: A new session context will be created for application key default_host/
[1/26/22, 19:47:34:038 EET] 0000002f com.ibm.ws.util                                              I SESN0172I: The session manager is using the Java default SecureRandom implementation for session ID generation.
[1/26/22, 19:47:34:054 EET] 0000002f com.ibm.ws.app.manager.AppMessageHelper                      A CWWKZ0003I: The application demo2 updated in 1.507 seconds.
[1/26/22, 19:47:34:062 EET] 000000ef com.ibm.ws.webcontainer.osgi.mbeans.PluginGenerator          I SRVE9103I: A configuration file for a web server plugin was automatically generated for this server at C:\Users\hazi_\Downloads\demo2\service-b\target\liberty\wlp\usr\servers\demo2\logs\state\plugin-cfg.xml.
[1/26/22, 19:47:34:840 EET] 000000ca .apache.cxf.cxf.core.3.2:1.0.60.cl220120220103-1900(id=103)] I Setting the server's publish address to be /data/
[1/26/22, 19:47:34:844 EET] 000000ca com.ibm.ws.webcontainer.servlet                              I SRVE0242I: [demo2] [/] [com.example.demo2.Demo2RestApplication]: Initialization successful.
[1/26/22, 19:47:34:846 EET] 000000ca com.ibm.ws.security.mp.jwt.tai.MicroProfileJwtTAI            E CWWKS5522E: The MicroProfile JWT feature cannot perform authentication because a MicroProfile JWT cannot be found in the request.
[1/26/22, 19:47:36:362 EET] 000000a1 com.ibm.ws.security.mp.jwt.tai.MicroProfileJwtTAI            E CWWKS5522E: The MicroProfile JWT feature cannot perform authentication because a MicroProfile JWT cannot be found in the request.
[1/26/22, 19:48:34:188 EET] 000000c9 io.jaegertracing.Configuration                               I Initialized tracer=JaegerTracer(version=Java-1.5.0, serviceName=demo2, reporter=RemoteReporter(sender=UdpSender(host=localhost, port=6831), closeEnqueueTimeout=1000), sampler=RemoteControlledSampler(maxOperations=2000, manager=HttpSamplingManager(hostPort=localhost:5778), sampler=ProbabilisticSampler(tags={sampler.type=probabilistic, sampler.param=0.001})), tags={hostname=DESKTOP-EQQIBCR, jaeger.version=Java-1.5.0, ip=172.26.224.1}, zipkinSharedRpcSpan=false, expandExceptionLogs=false, useTraceId128Bit=false)
[1/26/22, 19:48:34:188 EET] 000000c9 m.ibm.ws.microprofile.opentracing.jaeger.JaegerTracerFactory I CWMOT1001I: A JaegerTracer instance was created for the demo2 application.  Tracing information is sent to localhost:6831.
[1/26/22, 19:49:17:876 EET] 0000003a SystemOut                                                    O Formular de Consimtamant.pdf
[1/26/22, 19:49:17:877 EET] 0000003a SystemOut                                                    O GDPR SCPA.pdf
[1/26/22, 19:49:17:877 EET] 0000003a SystemOut                                                    O MP_FII-ISS-SD2_20_22_19.01.2022.pdf
[1/26/22, 19:49:17:877 EET] 0000003a SystemOut                                                    O buletin-580x414.png
[1/26/22, 19:49:17:877 EET] 0000003a SystemOut                                                    O hw2(2).pdf
[1/26/22, 19:49:34:615 EET] 000000af com.ibm.ws.http.internal.VirtualHostImpl                     A CWWKT0017I: Web application removed (default_host): http://localhost:9081/
[1/26/22, 19:49:34:616 EET] 000000af com.ibm.ws.webcontainer.servlet                              I SRVE0253I: [demo2] [/] [com.example.demo2.Demo2RestApplication]: Destroy successful.
[1/26/22, 19:49:34:622 EET] 000000af com.ibm.ws.app.manager.AppMessageHelper                      A CWWKZ0009I: The application demo2 has stopped successfully.
[1/26/22, 19:49:34:631 EET] 000000af com.ibm.ws.app.manager.AppMessageHelper                      I CWWKZ0018I: Starting application demo2.
[1/26/22, 19:49:34:631 EET] 000000af bm.ws.app.manager.war.internal.WARDeployedAppInfoFactoryImpl I CWWKZ0134I: The demo2 application is using the loose application definition at the C:\Users\hazi_\Downloads\demo2\service-b\target\liberty\wlp\usr\servers\demo2\apps\demo2.war.xml location.
[1/26/22, 19:49:34:646 EET] 000000c9 com.ibm.ws.webcontainer.osgi.mbeans.PluginGenerator          I SRVE9103I: A configuration file for a web server plugin was automatically generated for this server at C:\Users\hazi_\Downloads\demo2\service-b\target\liberty\wlp\usr\servers\demo2\logs\state\plugin-cfg.xml.
[1/26/22, 19:49:35:718 EET] 000000af io.openliberty.microprofile.openapi20.ApplicationProcessor   I CWWKO1660I: The application demo2 was processed and an OpenAPI document was produced.
[1/26/22, 19:49:36:089 EET] 000000af m.ws.microprofile.rest.client.cdi.LibertyRestClientExtension I CWWKW0750I: The following interfaces are configured as RequestScoped which will result in slower performance:  Consider using ApplicationScoped for better performance.
[1/26/22, 19:49:36:096 EET] 000000af com.ibm.ws.webcontainer.osgi.webapp.WebGroup                 I SRVE0169I: Loading Web Module: demo2.
[1/26/22, 19:49:36:096 EET] 000000af com.ibm.ws.webcontainer                                      I SRVE0250I: Web Module demo2 has been bound to default_host.
[1/26/22, 19:49:36:096 EET] 000000af com.ibm.ws.http.internal.VirtualHostImpl                     A CWWKT0016I: Web application available (default_host): http://localhost:9081/
[1/26/22, 19:49:36:097 EET] 000000c0 com.ibm.ws.session.WASSessionCore                            I SESN0176I: A new session context will be created for application key default_host/
[1/26/22, 19:49:36:098 EET] 000000c0 com.ibm.ws.util                                              I SESN0172I: The session manager is using the Java default SecureRandom implementation for session ID generation.
[1/26/22, 19:49:36:121 EET] 000000c0 com.ibm.ws.app.manager.AppMessageHelper                      A CWWKZ0003I: The application demo2 updated in 1.490 seconds.
[1/26/22, 19:49:36:124 EET] 000000af com.ibm.ws.webcontainer.osgi.mbeans.PluginGenerator          I SRVE9103I: A configuration file for a web server plugin was automatically generated for this server at C:\Users\hazi_\Downloads\demo2\service-b\target\liberty\wlp\usr\servers\demo2\logs\state\plugin-cfg.xml.
[1/26/22, 19:49:52:870 EET] 0000003a com.ibm.ws.http.internal.VirtualHostImpl                     A CWWKT0017I: Web application removed (default_host): http://localhost:9081/
[1/26/22, 19:49:52:875 EET] 0000003a com.ibm.ws.app.manager.AppMessageHelper                      A CWWKZ0009I: The application demo2 has stopped successfully.
[1/26/22, 19:49:52:893 EET] 0000003a com.ibm.ws.app.manager.AppMessageHelper                      I CWWKZ0018I: Starting application demo2.
[1/26/22, 19:49:52:893 EET] 0000003a bm.ws.app.manager.war.internal.WARDeployedAppInfoFactoryImpl I CWWKZ0134I: The demo2 application is using the loose application definition at the C:\Users\hazi_\Downloads\demo2\service-b\target\liberty\wlp\usr\servers\demo2\apps\demo2.war.xml location.
[1/26/22, 19:49:52:905 EET] 000000ea com.ibm.ws.webcontainer.osgi.mbeans.PluginGenerator          I SRVE9103I: A configuration file for a web server plugin was automatically generated for this server at C:\Users\hazi_\Downloads\demo2\service-b\target\liberty\wlp\usr\servers\demo2\logs\state\plugin-cfg.xml.
[1/26/22, 19:49:53:984 EET] 0000003a io.openliberty.microprofile.openapi20.ApplicationProcessor   I CWWKO1660I: The application demo2 was processed and an OpenAPI document was produced.
[1/26/22, 19:49:54:329 EET] 0000003a m.ws.microprofile.rest.client.cdi.LibertyRestClientExtension I CWWKW0750I: The following interfaces are configured as RequestScoped which will result in slower performance:  Consider using ApplicationScoped for better performance.
[1/26/22, 19:49:54:334 EET] 0000003a com.ibm.ws.webcontainer.osgi.webapp.WebGroup                 I SRVE0169I: Loading Web Module: demo2.
[1/26/22, 19:49:54:334 EET] 0000003a com.ibm.ws.webcontainer                                      I SRVE0250I: Web Module demo2 has been bound to default_host.
[1/26/22, 19:49:54:334 EET] 0000003a com.ibm.ws.http.internal.VirtualHostImpl                     A CWWKT0016I: Web application available (default_host): http://localhost:9081/
[1/26/22, 19:49:54:335 EET] 000000f0 com.ibm.ws.session.WASSessionCore                            I SESN0176I: A new session context will be created for application key default_host/
[1/26/22, 19:49:54:336 EET] 000000f0 com.ibm.ws.util                                              I SESN0172I: The session manager is using the Java default SecureRandom implementation for session ID generation.
[1/26/22, 19:49:54:353 EET] 000000f0 com.ibm.ws.app.manager.AppMessageHelper                      A CWWKZ0003I: The application demo2 updated in 1.460 seconds.
[1/26/22, 19:49:54:356 EET] 000000bf com.ibm.ws.webcontainer.osgi.mbeans.PluginGenerator          I SRVE9103I: A configuration file for a web server plugin was automatically generated for this server at C:\Users\hazi_\Downloads\demo2\service-b\target\liberty\wlp\usr\servers\demo2\logs\state\plugin-cfg.xml.
